<?xml version="1.0" encoding="UTF-8"?>
<!-- Generated by org.testng.reporters.JUnitReportReporter -->
<testsuite name="TestNG_Examples.TestNG_Annotations" tests="2" time="0.015" ignored="1" failures="0" timestamp="12 May 2021 10:50:56 GMT" skipped="0" hostname="LP-5CD8522MGC" errors="0">
  <testcase name="testCase1" time="0.011" classname="TestNG_Examples.TestNG_Annotations"/>
  <testcase name="testCase2" time="0.004" classname="TestNG_Examples.TestNG_Annotations"/>
  <testcase name="testCase3" classname="TestNG_Examples.TestNG_Annotations">
    <skipped/>
  </testcase> <!-- testCase3 -->
</testsuite> <!-- TestNG_Examples.TestNG_Annotations -->
