<?xml version="1.0" encoding="UTF-8"?>
<!-- Generated by org.testng.reporters.JUnitReportReporter -->
<testsuite name="TestNG_Examples.Handling_Radio_Button" tests="1" time="16.366" ignored="0" failures="0" timestamp="09 Dec 2020 07:13:10 GMT" skipped="0" hostname="LP-5CD8522MGC" errors="0">
  <testcase name="selectradiobutton" time="16.366" classname="TestNG_Examples.Handling_Radio_Button"/>
</testsuite> <!-- TestNG_Examples.Handling_Radio_Button -->
