<?xml version="1.0" encoding="UTF-8"?>
<!-- Generated by org.testng.reporters.JUnitReportReporter -->
<testsuite name="TestNG_Examples.Assertions_practice" tests="1" time="0.019" ignored="0" failures="0" timestamp="13 May 2021 10:23:31 GMT" skipped="0" hostname="LP-5CD8522MGC" errors="0">
  <testcase name="assertNotNull" time="0.019" classname="TestNG_Examples.Assertions_practice"/>
</testsuite> <!-- TestNG_Examples.Assertions_practice -->
