<?xml version="1.0" encoding="UTF-8"?>
<!-- Generated by org.testng.reporters.JUnitReportReporter -->
<testsuite name="TestNG_Examples.Handling_Checkboxes" tests="1" time="12.797" ignored="0" failures="0" timestamp="09 Dec 2020 07:05:16 GMT" skipped="0" hostname="LP-5CD8522MGC" errors="0">
  <testcase name="selectOption" time="12.797" classname="TestNG_Examples.Handling_Checkboxes"/>
</testsuite> <!-- TestNG_Examples.Handling_Checkboxes -->
