<?xml version="1.0" encoding="UTF-8"?>
<!-- Generated by org.testng.reporters.JUnitReportReporter -->
<testsuite name="TestNG_Examples.Handling_Alert" tests="1" time="28.198" ignored="0" failures="0" timestamp="13 May 2021 05:14:11 GMT" skipped="0" hostname="LP-5CD8522MGC" errors="0">
  <testcase name="Handling_alerts" time="28.198" classname="TestNG_Examples.Handling_Alert"/>
</testsuite> <!-- TestNG_Examples.Handling_Alert -->
